<?xml version="1.0" encoding="UTF-8"?>
<testsuite name="LoginTest" tests="1" skipped="0" failures="0" errors="0" timestamp="2020-01-21T11:05:43" hostname="DESKTOP-NEPLT2O" time="12.713">
  <properties/>
  <testcase name="validLoginTest()" classname="LoginTest" time="12.713"/>
  <system-out><![CDATA[]]></system-out>
  <system-err><![CDATA[янв. 21, 2020 3:05:43 PM com.codeborne.selenide.drivercommands.LazyDriver getAndCheckWebDriver
INFO: No webdriver is bound to current thread: 14 - let's create a new webdriver
SLF4J: Failed to load class "org.slf4j.impl.StaticLoggerBinder".
SLF4J: Defaulting to no-operation (NOP) logger implementation
SLF4J: See http://www.slf4j.org/codes.html#StaticLoggerBinder for further details.
Starting ChromeDriver 79.0.3945.36 (3582db32b33893869b8c1339e8f4d9ed1816f143-refs/branch-heads/3945@{#614}) on port 34560
Only local connections are allowed.
Please protect ports used by ChromeDriver and related test frameworks to prevent access by malicious code.
[1579604748.138][WARNING]: Timed out connecting to Chrome, retrying...
янв. 21, 2020 3:05:50 PM org.openqa.selenium.remote.ProtocolHandshake createSession
INFO: Detected dialect: W3C
янв. 21, 2020 3:05:50 PM com.codeborne.selenide.webdriver.BrowserResizer adjustBrowserSize
INFO: Set browser size to 1366x768
[1579604752.200][WARNING]: Timed out connecting to Chrome, retrying...
янв. 21, 2020 3:05:54 PM com.codeborne.selenide.webdriver.WebDriverFactory logBrowserVersion
INFO: BrowserName=chrome Version=79.0.3945.117 Platform=WINDOWS
янв. 21, 2020 3:05:54 PM com.codeborne.selenide.webdriver.WebDriverFactory createWebDriver
INFO: Selenide v. 5.3.1
янв. 21, 2020 3:05:54 PM com.codeborne.selenide.webdriver.WebDriverFactory logSeleniumInfo
INFO: Selenium WebDriver v. 3.141.59 build time: 2018-11-14T08:17:03
янв. 21, 2020 3:05:54 PM com.codeborne.selenide.drivercommands.CreateDriverCommand createDriver
INFO: Create webdriver in current thread 14: ChromeDriver -> ChromeDriver: chrome on WINDOWS (e53099dc0d66d1095d48a3ab4a1707c5)
]]></system-err>
</testsuite>
